<?xml version="1.0" encoding="UTF-8"?>
<!-- Generated by org.testng.reporters.JUnitXMLReporter -->
<testsuite hostname="tbuchanans-mbp.overstock.com" name="Surefire test" tests="17" failures="0" timestamp="24 Sep 2019 21:31:58 GMT" time="20.43" errors="0">
  <testcase name="verifyEarlyAccessHealthWithAPI on verifyEarlyAccessHealthWithAPI(smoke.EarlyAccessSmokeAPITest)" time="3.701" classname="smoke.EarlyAccessSmokeAPITest"/>
  <testcase name="findSiteWideLightboxOnHomePage on findSiteWideLightboxOnHomePage(ui.EarlyAccessUITest)" time="9.416" classname="ui.EarlyAccessUITest"/>
  <testcase name="verifyEarlyAccessDB on verifyEarlyAccessDB(db.EarlyAccessDbTest)" time="1.206" classname="db.EarlyAccessDbTest"/>
  <testcase name="verifyEarlyAccessStatusNotInt on verifyEarlyAccessStatusNotInt(api.EarlyAccessAPITest)" time="0.135" classname="api.EarlyAccessAPITest"/>
  <testcase name="verifyEarlyAccessStatusNull on verifyEarlyAccessStatusNull(api.EarlyAccessAPITest)" time="0.301" classname="api.EarlyAccessAPITest"/>
  <testcase name="verifyEarlyAccessUpdateProductStatusInvalidProducId on verifyEarlyAccessUpdateProductStatusInvalidProducId(api.EarlyAccessAPITest)" time="0.41" classname="api.EarlyAccessAPITest"/>
  <testcase name="verifyProductIdsUploadUpdateAPI on verifyProductIdsUploadUpdateAPI(api.EarlyAccessAPITest)" time="0.639" classname="api.EarlyAccessAPITest"/>
  <testcase name="verifyEarlyAccessUpdateProductStatusOrExpiry on verifyEarlyAccessUpdateProductStatusOrExpiry(api.EarlyAccessAPITest)" time="0.701" classname="api.EarlyAccessAPITest"/>
  <testcase name="verifyEarlyAccessUpdateProductStatusEndDateNull on verifyEarlyAccessUpdateProductStatusEndDateNull(api.EarlyAccessAPITest)" time="0.752" classname="api.EarlyAccessAPITest"/>
  <testcase name="verifyEarlyAccessUpdateProductStatusNullProducId on verifyEarlyAccessUpdateProductStatusNullProducId(api.EarlyAccessAPITest)" time="0.8" classname="api.EarlyAccessAPITest"/>
  <testcase name="verifyRetrieveBatchEarlyAccessStatus on verifyRetrieveBatchEarlyAccessStatus(api.EarlyAccessAPITest)" time="0.868" classname="api.EarlyAccessAPITest"/>
  <testcase name="verifyEarlyAccessUpdateProductStatusStartDateNull on verifyEarlyAccessUpdateProductStatusStartDateNull(api.EarlyAccessAPITest)" time="0.916" classname="api.EarlyAccessAPITest"/>
  <testcase name="verifyProductIdsUploadAPI on verifyProductIdsUploadAPI(api.EarlyAccessAPITest)" time="1.214" classname="api.EarlyAccessAPITest"/>
  <testcase name="verifyEarlyAccessStatus2 on verifyEarlyAccessStatus2(api.EarlyAccessAPITest)" time="2.347" classname="api.EarlyAccessAPITest"/>
  <testcase name="verifyEarlyAccessUpdateProductStatusIsActiveNull on verifyEarlyAccessUpdateProductStatusIsActiveNull(api.EarlyAccessAPITest)" time="2.385" classname="api.EarlyAccessAPITest"/>
  <testcase name="verifyProductIdsbatchStatus on verifyProductIdsbatchStatus(api.EarlyAccessAPITest)" time="2.43" classname="api.EarlyAccessAPITest"/>
  <testcase name="verifyEarlyAccessStatus on verifyEarlyAccessStatus(api.EarlyAccessAPITest)" time="2.529" classname="api.EarlyAccessAPITest"/>
</testsuite> <!-- Surefire test -->
