<?xml version="1.0" encoding="UTF-8"?>
<!-- Generated by org.testng.reporters.JUnitXMLReporter -->
<testsuite hostname="tbuchanans-mbp.overstock.com" name="Surefire test" tests="17" failures="0" timestamp="24 Sep 2019 21:33:32 GMT" time="92.589" errors="0">
  <testcase name="verifyEarlyAccessHealthWithAPI on verifyEarlyAccessHealthWithAPI(smoke.EarlyAccessSmokeAPITest)" time="3.886" classname="smoke.EarlyAccessSmokeAPITest"/>
  <testcase name="findSiteWideLightboxOnHomePage on findSiteWideLightboxOnHomePage(ui.EarlyAccessUITest)" time="83.121" classname="ui.EarlyAccessUITest"/>
  <testcase name="verifyEarlyAccessDB on verifyEarlyAccessDB(db.EarlyAccessDbTest)" time="1.116" classname="db.EarlyAccessDbTest"/>
  <testcase name="verifyEarlyAccessStatusNotInt on verifyEarlyAccessStatusNotInt(api.EarlyAccessAPITest)" time="0.131" classname="api.EarlyAccessAPITest"/>
  <testcase name="verifyEarlyAccessStatusNull on verifyEarlyAccessStatusNull(api.EarlyAccessAPITest)" time="0.329" classname="api.EarlyAccessAPITest"/>
  <testcase name="verifyEarlyAccessUpdateProductStatusInvalidProducId on verifyEarlyAccessUpdateProductStatusInvalidProducId(api.EarlyAccessAPITest)" time="0.454" classname="api.EarlyAccessAPITest"/>
  <testcase name="verifyProductIdsUploadUpdateAPI on verifyProductIdsUploadUpdateAPI(api.EarlyAccessAPITest)" time="0.7" classname="api.EarlyAccessAPITest"/>
  <testcase name="verifyEarlyAccessUpdateProductStatusOrExpiry on verifyEarlyAccessUpdateProductStatusOrExpiry(api.EarlyAccessAPITest)" time="0.739" classname="api.EarlyAccessAPITest"/>
  <testcase name="verifyEarlyAccessUpdateProductStatusEndDateNull on verifyEarlyAccessUpdateProductStatusEndDateNull(api.EarlyAccessAPITest)" time="0.78" classname="api.EarlyAccessAPITest"/>
  <testcase name="verifyEarlyAccessUpdateProductStatusNullProducId on verifyEarlyAccessUpdateProductStatusNullProducId(api.EarlyAccessAPITest)" time="0.816" classname="api.EarlyAccessAPITest"/>
  <testcase name="verifyRetrieveBatchEarlyAccessStatus on verifyRetrieveBatchEarlyAccessStatus(api.EarlyAccessAPITest)" time="0.866" classname="api.EarlyAccessAPITest"/>
  <testcase name="verifyEarlyAccessUpdateProductStatusStartDateNull on verifyEarlyAccessUpdateProductStatusStartDateNull(api.EarlyAccessAPITest)" time="0.905" classname="api.EarlyAccessAPITest"/>
  <testcase name="verifyProductIdsUploadAPI on verifyProductIdsUploadAPI(api.EarlyAccessAPITest)" time="1.147" classname="api.EarlyAccessAPITest"/>
  <testcase name="verifyEarlyAccessStatus2 on verifyEarlyAccessStatus2(api.EarlyAccessAPITest)" time="2.052" classname="api.EarlyAccessAPITest"/>
  <testcase name="verifyEarlyAccessUpdateProductStatusIsActiveNull on verifyEarlyAccessUpdateProductStatusIsActiveNull(api.EarlyAccessAPITest)" time="2.087" classname="api.EarlyAccessAPITest"/>
  <testcase name="verifyProductIdsbatchStatus on verifyProductIdsbatchStatus(api.EarlyAccessAPITest)" time="2.133" classname="api.EarlyAccessAPITest"/>
  <testcase name="verifyEarlyAccessStatus on verifyEarlyAccessStatus(api.EarlyAccessAPITest)" time="2.222" classname="api.EarlyAccessAPITest"/>
</testsuite> <!-- Surefire test -->
