<?xml version="1.0" encoding="UTF-8"?>
<testsuite xmlns:xsi="http://www.w3.org/2001/XMLSchema-instance" xsi:noNamespaceSchemaLocation="https://maven.apache.org/surefire/maven-surefire-plugin/xsd/surefire-test-report.xsd" name="TestSuite" time="21.179" tests="17" errors="0" skipped="0" failures="0">
  <properties>
[...]
</properties>
  <testcase name="verifyEarlyAccessHealthWithAPI on verifyEarlyAccessHealthWithAPI(smoke.EarlyAccessSmokeAPITest)" classname="smoke.EarlyAccessSmokeAPITest" time="3.527"/>
  <testcase name="findSiteWideLightboxOnHomePage on findSiteWideLightboxOnHomePage(ui.EarlyAccessUITest)" classname="ui.EarlyAccessUITest" time="4.276"/>
  <testcase name="verifyEarlyAccessDB on verifyEarlyAccessDB(db.EarlyAccessDbTest)" classname="db.EarlyAccessDbTest" time="1.201"/>
  <testcase name="verifyEarlyAccessStatusNotInt on verifyEarlyAccessStatusNotInt(api.EarlyAccessAPITest)" classname="api.EarlyAccessAPITest" time="0.113"/>
  <testcase name="verifyEarlyAccessStatusNull on verifyEarlyAccessStatusNull(api.EarlyAccessAPITest)" classname="api.EarlyAccessAPITest" time="0.157"/>
  <testcase name="verifyEarlyAccessUpdateProductStatusInvalidProducId on verifyEarlyAccessUpdateProductStatusInvalidProducId(api.EarlyAccessAPITest)" classname="api.EarlyAccessAPITest" time="0.101"/>
  <testcase name="verifyProductIdsUploadUpdateAPI on verifyProductIdsUploadUpdateAPI(api.EarlyAccessAPITest)" classname="api.EarlyAccessAPITest" time="0.225"/>
  <testcase name="verifyEarlyAccessUpdateProductStatusOrExpiry on verifyEarlyAccessUpdateProductStatusOrExpiry(api.EarlyAccessAPITest)" classname="api.EarlyAccessAPITest" time="0.05"/>
  <testcase name="verifyEarlyAccessUpdateProductStatusEndDateNull on verifyEarlyAccessUpdateProductStatusEndDateNull(api.EarlyAccessAPITest)" classname="api.EarlyAccessAPITest" time="0.042"/>
  <testcase name="verifyEarlyAccessUpdateProductStatusNullProducId on verifyEarlyAccessUpdateProductStatusNullProducId(api.EarlyAccessAPITest)" classname="api.EarlyAccessAPITest" time="0.035"/>
  <testcase name="verifyRetrieveBatchEarlyAccessStatus on verifyRetrieveBatchEarlyAccessStatus(api.EarlyAccessAPITest)" classname="api.EarlyAccessAPITest" time="0.058"/>
  <testcase name="verifyEarlyAccessUpdateProductStatusStartDateNull on verifyEarlyAccessUpdateProductStatusStartDateNull(api.EarlyAccessAPITest)" classname="api.EarlyAccessAPITest" time="0.041"/>
  <testcase name="verifyProductIdsUploadAPI on verifyProductIdsUploadAPI(api.EarlyAccessAPITest)" classname="api.EarlyAccessAPITest" time="0.289"/>
  <testcase name="verifyEarlyAccessStatus2 on verifyEarlyAccessStatus2(api.EarlyAccessAPITest)" classname="api.EarlyAccessAPITest" time="1.127"/>
  <testcase name="verifyEarlyAccessUpdateProductStatusIsActiveNull on verifyEarlyAccessUpdateProductStatusIsActiveNull(api.EarlyAccessAPITest)" classname="api.EarlyAccessAPITest" time="0.031"/>
  <testcase name="verifyProductIdsbatchStatus on verifyProductIdsbatchStatus(api.EarlyAccessAPITest)" classname="api.EarlyAccessAPITest" time="0.038"/>
  <testcase name="verifyEarlyAccessStatus on verifyEarlyAccessStatus(api.EarlyAccessAPITest)" classname="api.EarlyAccessAPITest" time="0.093"/>
</testsuite>