<?xml version="1.0" encoding="UTF-8"?>
<testng-results skipped="0" failed="0" total="17" passed="17">
  <reporter-output>
  </reporter-output>
  <suite name="Surefire suite" duration-ms="20430" started-at="2019-09-24T21:31:37Z" finished-at="2019-09-24T21:31:58Z">
    <groups>
    </groups>
    <test name="Surefire test" duration-ms="20430" started-at="2019-09-24T21:31:37Z" finished-at="2019-09-24T21:31:58Z">
      <class name="smoke.EarlyAccessSmokeAPITest">
        <test-method status="PASS" signature="verifyEarlyAccessHealthWithAPI()" name="verifyEarlyAccessHealthWithAPI" duration-ms="3701" started-at="2019-09-24T15:31:39Z" finished-at="2019-09-24T15:31:43Z">
          <reporter-output>
          </reporter-output>
        </test-method> <!-- verifyEarlyAccessHealthWithAPI -->
      </class> <!-- smoke.EarlyAccessSmokeAPITest -->
      <class name="db.EarlyAccessDbTest">
        <test-method status="PASS" signature="verifyEarlyAccessDB() throws java.io.IOException,java.sql.SQLException" name="verifyEarlyAccessDB" duration-ms="1206" started-at="2019-09-24T15:31:54Z" finished-at="2019-09-24T15:31:55Z">
          <reporter-output>
          </reporter-output>
        </test-method> <!-- verifyEarlyAccessDB -->
      </class> <!-- db.EarlyAccessDbTest -->
      <class name="api.EarlyAccessAPITest">
        <test-method status="PASS" signature="verifyEarlyAccessUpdateProductStatusNullProducId()" name="verifyEarlyAccessUpdateProductStatusNullProducId" duration-ms="800" started-at="2019-09-24T15:31:55Z" finished-at="2019-09-24T15:31:56Z">
          <reporter-output>
          </reporter-output>
        </test-method> <!-- verifyEarlyAccessUpdateProductStatusNullProducId -->
        <test-method status="PASS" signature="verifyEarlyAccessUpdateProductStatusEndDateNull()" name="verifyEarlyAccessUpdateProductStatusEndDateNull" duration-ms="752" started-at="2019-09-24T15:31:55Z" finished-at="2019-09-24T15:31:56Z">
          <reporter-output>
          </reporter-output>
        </test-method> <!-- verifyEarlyAccessUpdateProductStatusEndDateNull -->
        <test-method status="PASS" signature="verifyEarlyAccessStatusNotInt()" name="verifyEarlyAccessStatusNotInt" duration-ms="135" started-at="2019-09-24T15:31:55Z" finished-at="2019-09-24T15:31:55Z">
          <reporter-output>
          </reporter-output>
        </test-method> <!-- verifyEarlyAccessStatusNotInt -->
        <test-method status="PASS" signature="verifyEarlyAccessUpdateProductStatusInvalidProducId()" name="verifyEarlyAccessUpdateProductStatusInvalidProducId" duration-ms="410" started-at="2019-09-24T15:31:55Z" finished-at="2019-09-24T15:31:55Z">
          <reporter-output>
          </reporter-output>
        </test-method> <!-- verifyEarlyAccessUpdateProductStatusInvalidProducId -->
        <test-method status="PASS" signature="verifyEarlyAccessStatusNull()" name="verifyEarlyAccessStatusNull" duration-ms="301" started-at="2019-09-24T15:31:55Z" finished-at="2019-09-24T15:31:55Z">
          <reporter-output>
          </reporter-output>
        </test-method> <!-- verifyEarlyAccessStatusNull -->
        <test-method status="PASS" signature="verifyProductIdsUploadUpdateAPI() throws java.io.IOException" name="verifyProductIdsUploadUpdateAPI" duration-ms="639" started-at="2019-09-24T15:31:55Z" finished-at="2019-09-24T15:31:56Z">
          <reporter-output>
          </reporter-output>
        </test-method> <!-- verifyProductIdsUploadUpdateAPI -->
        <test-method status="PASS" signature="verifyEarlyAccessUpdateProductStatusOrExpiry()" name="verifyEarlyAccessUpdateProductStatusOrExpiry" duration-ms="701" started-at="2019-09-24T15:31:55Z" finished-at="2019-09-24T15:31:56Z">
          <reporter-output>
          </reporter-output>
        </test-method> <!-- verifyEarlyAccessUpdateProductStatusOrExpiry -->
        <test-method status="PASS" signature="verifyRetrieveBatchEarlyAccessStatus()" name="verifyRetrieveBatchEarlyAccessStatus" duration-ms="868" started-at="2019-09-24T15:31:55Z" finished-at="2019-09-24T15:31:56Z">
          <reporter-output>
          </reporter-output>
        </test-method> <!-- verifyRetrieveBatchEarlyAccessStatus -->
        <test-method status="PASS" signature="verifyEarlyAccessStatus2()" name="verifyEarlyAccessStatus2" duration-ms="2347" started-at="2019-09-24T15:31:55Z" finished-at="2019-09-24T15:31:57Z">
          <reporter-output>
          </reporter-output>
        </test-method> <!-- verifyEarlyAccessStatus2 -->
        <test-method status="PASS" signature="verifyEarlyAccessUpdateProductStatusStartDateNull()" name="verifyEarlyAccessUpdateProductStatusStartDateNull" duration-ms="916" started-at="2019-09-24T15:31:55Z" finished-at="2019-09-24T15:31:56Z">
          <reporter-output>
          </reporter-output>
        </test-method> <!-- verifyEarlyAccessUpdateProductStatusStartDateNull -->
        <test-method status="PASS" signature="verifyEarlyAccessUpdateProductStatusIsActiveNull()" name="verifyEarlyAccessUpdateProductStatusIsActiveNull" duration-ms="2385" started-at="2019-09-24T15:31:55Z" finished-at="2019-09-24T15:31:57Z">
          <reporter-output>
          </reporter-output>
        </test-method> <!-- verifyEarlyAccessUpdateProductStatusIsActiveNull -->
        <test-method status="PASS" signature="verifyProductIdsUploadAPI() throws java.io.IOException" name="verifyProductIdsUploadAPI" duration-ms="1214" started-at="2019-09-24T15:31:55Z" finished-at="2019-09-24T15:31:56Z">
          <reporter-output>
          </reporter-output>
        </test-method> <!-- verifyProductIdsUploadAPI -->
        <test-method status="PASS" signature="verifyProductIdsbatchStatus()" name="verifyProductIdsbatchStatus" duration-ms="2430" started-at="2019-09-24T15:31:55Z" finished-at="2019-09-24T15:31:57Z">
          <reporter-output>
          </reporter-output>
        </test-method> <!-- verifyProductIdsbatchStatus -->
        <test-method status="PASS" signature="verifyEarlyAccessStatus()" name="verifyEarlyAccessStatus" duration-ms="2529" started-at="2019-09-24T15:31:55Z" finished-at="2019-09-24T15:31:57Z">
          <reporter-output>
          </reporter-output>
        </test-method> <!-- verifyEarlyAccessStatus -->
      </class> <!-- api.EarlyAccessAPITest -->
      <class name="ui.EarlyAccessUITest">
        <test-method status="PASS" signature="findSiteWideLightboxOnHomePage()" name="findSiteWideLightboxOnHomePage" duration-ms="9416" started-at="2019-09-24T15:31:44Z" finished-at="2019-09-24T15:31:53Z">
          <reporter-output>
          </reporter-output>
        </test-method> <!-- findSiteWideLightboxOnHomePage -->
      </class> <!-- ui.EarlyAccessUITest -->
    </test> <!-- Surefire test -->
  </suite> <!-- Surefire suite -->
</testng-results>
