<?xml version="1.0" encoding="UTF-8"?>
<testng-results skipped="0" failed="0" total="17" passed="17">
  <reporter-output>
  </reporter-output>
  <suite name="Surefire suite" duration-ms="92589" started-at="2019-09-24T21:31:59Z" finished-at="2019-09-24T21:33:32Z">
    <groups>
    </groups>
    <test name="Surefire test" duration-ms="92589" started-at="2019-09-24T21:31:59Z" finished-at="2019-09-24T21:33:32Z">
      <class name="smoke.EarlyAccessSmokeAPITest">
        <test-method status="PASS" signature="verifyEarlyAccessHealthWithAPI()" name="verifyEarlyAccessHealthWithAPI" duration-ms="3886" started-at="2019-09-24T15:32:00Z" finished-at="2019-09-24T15:32:04Z">
          <reporter-output>
          </reporter-output>
        </test-method> <!-- verifyEarlyAccessHealthWithAPI -->
      </class> <!-- smoke.EarlyAccessSmokeAPITest -->
      <class name="db.EarlyAccessDbTest">
        <test-method status="PASS" signature="verifyEarlyAccessDB() throws java.io.IOException,java.sql.SQLException" name="verifyEarlyAccessDB" duration-ms="1116" started-at="2019-09-24T15:33:28Z" finished-at="2019-09-24T15:33:30Z">
          <reporter-output>
          </reporter-output>
        </test-method> <!-- verifyEarlyAccessDB -->
      </class> <!-- db.EarlyAccessDbTest -->
      <class name="api.EarlyAccessAPITest">
        <test-method status="PASS" signature="verifyEarlyAccessStatusNull()" name="verifyEarlyAccessStatusNull" duration-ms="329" started-at="2019-09-24T15:33:30Z" finished-at="2019-09-24T15:33:30Z">
          <reporter-output>
          </reporter-output>
        </test-method> <!-- verifyEarlyAccessStatusNull -->
        <test-method status="PASS" signature="verifyEarlyAccessStatusNotInt()" name="verifyEarlyAccessStatusNotInt" duration-ms="131" started-at="2019-09-24T15:33:30Z" finished-at="2019-09-24T15:33:30Z">
          <reporter-output>
          </reporter-output>
        </test-method> <!-- verifyEarlyAccessStatusNotInt -->
        <test-method status="PASS" signature="verifyEarlyAccessUpdateProductStatusInvalidProducId()" name="verifyEarlyAccessUpdateProductStatusInvalidProducId" duration-ms="454" started-at="2019-09-24T15:33:30Z" finished-at="2019-09-24T15:33:30Z">
          <reporter-output>
          </reporter-output>
        </test-method> <!-- verifyEarlyAccessUpdateProductStatusInvalidProducId -->
        <test-method status="PASS" signature="verifyEarlyAccessStatus()" name="verifyEarlyAccessStatus" duration-ms="2222" started-at="2019-09-24T15:33:30Z" finished-at="2019-09-24T15:33:32Z">
          <reporter-output>
          </reporter-output>
        </test-method> <!-- verifyEarlyAccessStatus -->
        <test-method status="PASS" signature="verifyEarlyAccessUpdateProductStatusEndDateNull()" name="verifyEarlyAccessUpdateProductStatusEndDateNull" duration-ms="780" started-at="2019-09-24T15:33:30Z" finished-at="2019-09-24T15:33:30Z">
          <reporter-output>
          </reporter-output>
        </test-method> <!-- verifyEarlyAccessUpdateProductStatusEndDateNull -->
        <test-method status="PASS" signature="verifyProductIdsbatchStatus()" name="verifyProductIdsbatchStatus" duration-ms="2133" started-at="2019-09-24T15:33:30Z" finished-at="2019-09-24T15:33:32Z">
          <reporter-output>
          </reporter-output>
        </test-method> <!-- verifyProductIdsbatchStatus -->
        <test-method status="PASS" signature="verifyEarlyAccessUpdateProductStatusNullProducId()" name="verifyEarlyAccessUpdateProductStatusNullProducId" duration-ms="816" started-at="2019-09-24T15:33:30Z" finished-at="2019-09-24T15:33:30Z">
          <reporter-output>
          </reporter-output>
        </test-method> <!-- verifyEarlyAccessUpdateProductStatusNullProducId -->
        <test-method status="PASS" signature="verifyRetrieveBatchEarlyAccessStatus()" name="verifyRetrieveBatchEarlyAccessStatus" duration-ms="866" started-at="2019-09-24T15:33:30Z" finished-at="2019-09-24T15:33:31Z">
          <reporter-output>
          </reporter-output>
        </test-method> <!-- verifyRetrieveBatchEarlyAccessStatus -->
        <test-method status="PASS" signature="verifyProductIdsUploadUpdateAPI() throws java.io.IOException" name="verifyProductIdsUploadUpdateAPI" duration-ms="700" started-at="2019-09-24T15:33:30Z" finished-at="2019-09-24T15:33:30Z">
          <reporter-output>
          </reporter-output>
        </test-method> <!-- verifyProductIdsUploadUpdateAPI -->
        <test-method status="PASS" signature="verifyEarlyAccessUpdateProductStatusOrExpiry()" name="verifyEarlyAccessUpdateProductStatusOrExpiry" duration-ms="739" started-at="2019-09-24T15:33:30Z" finished-at="2019-09-24T15:33:30Z">
          <reporter-output>
          </reporter-output>
        </test-method> <!-- verifyEarlyAccessUpdateProductStatusOrExpiry -->
        <test-method status="PASS" signature="verifyProductIdsUploadAPI() throws java.io.IOException" name="verifyProductIdsUploadAPI" duration-ms="1147" started-at="2019-09-24T15:33:30Z" finished-at="2019-09-24T15:33:31Z">
          <reporter-output>
          </reporter-output>
        </test-method> <!-- verifyProductIdsUploadAPI -->
        <test-method status="PASS" signature="verifyEarlyAccessUpdateProductStatusIsActiveNull()" name="verifyEarlyAccessUpdateProductStatusIsActiveNull" duration-ms="2087" started-at="2019-09-24T15:33:30Z" finished-at="2019-09-24T15:33:32Z">
          <reporter-output>
          </reporter-output>
        </test-method> <!-- verifyEarlyAccessUpdateProductStatusIsActiveNull -->
        <test-method status="PASS" signature="verifyEarlyAccessUpdateProductStatusStartDateNull()" name="verifyEarlyAccessUpdateProductStatusStartDateNull" duration-ms="905" started-at="2019-09-24T15:33:30Z" finished-at="2019-09-24T15:33:31Z">
          <reporter-output>
          </reporter-output>
        </test-method> <!-- verifyEarlyAccessUpdateProductStatusStartDateNull -->
        <test-method status="PASS" signature="verifyEarlyAccessStatus2()" name="verifyEarlyAccessStatus2" duration-ms="2052" started-at="2019-09-24T15:33:30Z" finished-at="2019-09-24T15:33:32Z">
          <reporter-output>
          </reporter-output>
        </test-method> <!-- verifyEarlyAccessStatus2 -->
      </class> <!-- api.EarlyAccessAPITest -->
      <class name="ui.EarlyAccessUITest">
        <test-method status="PASS" signature="findSiteWideLightboxOnHomePage()" name="findSiteWideLightboxOnHomePage" duration-ms="83121" started-at="2019-09-24T15:32:05Z" finished-at="2019-09-24T15:33:28Z">
          <reporter-output>
          </reporter-output>
        </test-method> <!-- findSiteWideLightboxOnHomePage -->
      </class> <!-- ui.EarlyAccessUITest -->
    </test> <!-- Surefire test -->
  </suite> <!-- Surefire suite -->
</testng-results>
