<?xml version="1.0" encoding="UTF-8"?><testsuite errors="0" failures="0" name="api.EarlyAccessAPITest" skipped="0" tests="14" time="2.11" timestamp="2019-09-24T15:33:30.172-06:00[America/Denver]"><testcase classname="api.EarlyAccessAPITest" name="Verify early access status not int"/><testcase classname="api.EarlyAccessAPITest" name="Verify early access status null"/><testcase classname="api.EarlyAccessAPITest" name="Verify early access update product status invalid produc id"/><testcase classname="api.EarlyAccessAPITest" name="Verify product ids upload update API"/><testcase classname="api.EarlyAccessAPITest" name="Verify early access update product status or expiry"/><testcase classname="api.EarlyAccessAPITest" name="Verify early access update product status end date null"/><testcase classname="api.EarlyAccessAPITest" name="Verify early access update product status null produc id"/><testcase classname="api.EarlyAccessAPITest" name="Verify retrieve batch early access status"/><testcase classname="api.EarlyAccessAPITest" name="Verify early access update product status start date null"/><testcase classname="api.EarlyAccessAPITest" name="Verify product ids upload API"/><testcase classname="api.EarlyAccessAPITest" name="Verify early access status2"/><testcase classname="api.EarlyAccessAPITest" name="Verify early access update product status is active null"/><testcase classname="api.EarlyAccessAPITest" name="Verify product idsbatch status"/><testcase classname="api.EarlyAccessAPITest" name="Verify early access status"/></testsuite>