<?xml version="1.0" encoding="UTF-8"?><testsuite errors="0" failures="0" name="api.EarlyAccessAPITest" skipped="0" tests="4" time="4.43" timestamp="2019-09-06 10:58:57"><testcase classname="api.EarlyAccessAPITest" name="Verify retrieve batch early access status"/><testcase classname="api.EarlyAccessAPITest" name="Verify product ids upload API"/><testcase classname="api.EarlyAccessAPITest" name="Verify product idsbatch status"/><testcase classname="api.EarlyAccessAPITest" name="Verify early access status"/></testsuite>