<?xml version="1.0" encoding="UTF-8"?><testsuite errors="0" failures="0" name="api.BlazeDemoAPITest" skipped="0" tests="5" time="4.82" timestamp="2019-08-28 01:05:32"><testcase classname="api.BlazeDemoAPITest" name="Verify retrieve batch early access status"/><testcase classname="api.BlazeDemoAPITest" name="Verify product ids upload API"/><testcase classname="api.BlazeDemoAPITest" name="Verify create early access not active"/><testcase classname="api.BlazeDemoAPITest" name="Verify create early access"/><testcase classname="api.BlazeDemoAPITest" name="Verify early access status"/></testsuite>