<?xml version="1.0" encoding="UTF-8"?><testsuite errors="0" failures="0" name="api.EarlyAccessAPITest" skipped="0" tests="5" time="0.77" timestamp="2019-08-29 04:30:02"><testcase classname="api.EarlyAccessAPITest" name="Verify retrieve batch early access status"/><testcase classname="api.EarlyAccessAPITest" name="Verify product ids upload API"/><testcase classname="api.EarlyAccessAPITest" name="Verify create early access not active"/><testcase classname="api.EarlyAccessAPITest" name="Verify create early access"/><testcase classname="api.EarlyAccessAPITest" name="Verify early access status"/></testsuite>