<?xml version="1.0" encoding="UTF-8"?><testsuite errors="0" failures="0" name="api.BlazeDemoAPITest" skipped="0" tests="4" time="5.61" timestamp="2019-08-28 12:11:04"><testcase classname="api.BlazeDemoAPITest" name="Verify flights search with API"/><testcase classname="api.BlazeDemoAPITest" name="Verify create early access not active"/><testcase classname="api.BlazeDemoAPITest" name="Verify create early access"/><testcase classname="api.BlazeDemoAPITest" name="Verify early access status"/></testsuite>